[2024-01-11 23:28:40] SQLSTATE[42S22]: Column not found: 1054 Unknown column 'category' in 'field list'
[2024-01-12 00:50:56] SQLSTATE[42S22]: Column not found: 1054 Unknown column 'category' in 'field list'
[2024-01-12 00:51:31] SQLSTATE[42S22]: Column not found: 1054 Unknown column 'category' in 'field list'
[2024-01-12 00:52:49] SQLSTATE[42S22]: Column not found: 1054 Unknown column 'category' in 'field list'
[2024-01-12 00:53:32] SQLSTATE[42S22]: Column not found: 1054 Unknown column 'category' in 'field list'
[2024-01-12 00:54:38] SQLSTATE[42S22]: Column not found: 1054 Unknown column 'category' in 'field list'
[2024-01-12 00:57:41] SQLSTATE[42S22]: Column not found: 1054 Unknown column 'category' in 'field list'
[2024-01-12 00:59:24] SQLSTATE[42S22]: Column not found: 1054 Unknown column 'category' in 'field list'
[2024-01-12 01:00:29] SQLSTATE[42S22]: Column not found: 1054 Unknown column 'category' in 'field list'
[2024-01-12 01:00:50] SQLSTATE[42S22]: Column not found: 1054 Unknown column 'category' in 'field list'
[2024-01-12 01:19:23] SQLSTATE[42S22]: Column not found: 1054 Unknown column 'category' in 'field list'
[2024-01-12 01:20:43] SQLSTATE[42S22]: Column not found: 1054 Unknown column 'category' in 'field list'
[2024-01-12 08:50:45] SQLSTATE[42S22]: Column not found: 1054 Unknown column 'category' in 'field list'
[2024-01-12 08:51:37] SQLSTATE[42S22]: Column not found: 1054 Unknown column 'category' in 'field list'
[2024-01-12 08:55:23] SQLSTATE[42S02]: Base table or view not found: 1146 Table 'wikigenius.name' doesn't exist
[2024-01-12 08:56:56] SQLSTATE[42S02]: Base table or view not found: 1146 Table 'wikigenius.name' doesn't exist
[2024-01-13 13:42:11] SQLSTATE[42S02]: Base table or view not found: 1146 Table 'wikigenius.tags' doesn't exist
[2024-01-13 13:42:15] SQLSTATE[42S02]: Base table or view not found: 1146 Table 'wikigenius.tags' doesn't exist
[2024-01-13 22:28:29] SQLSTATE[HY000]: General error: 1366 Incorrect integer value: '' for column 'status' at row 1
[2024-01-13 22:28:29] SQLSTATE[HY000]: General error: 1366 Incorrect integer value: '' for column 'wiki_id' at row 1
[2024-01-13 22:34:43] SQLSTATE[HY000]: General error: 1366 Incorrect integer value: '' for column 'status' at row 1
[2024-01-13 22:34:50] SQLSTATE[HY000]: General error: 1366 Incorrect integer value: '' for column 'status' at row 1
[2024-01-13 22:40:25] SQLSTATE[HY000]: General error: 1366 Incorrect integer value: '' for column 'status' at row 1
[2024-01-13 22:46:20] SQLSTATE[HY000]: General error: 1366 Incorrect integer value: 'pending' for column 'status' at row 1
[2024-01-13 23:04:44] SQLSTATE[HY000]: General error: 1364 Field 'image' doesn't have a default value
[2024-01-13 23:05:04] SQLSTATE[HY000]: General error: 1364 Field 'image' doesn't have a default value
[2024-01-13 23:07:11] SQLSTATE[HY000]: General error: 1364 Field 'image' doesn't have a default value
