[2024-01-10 10:49:53] INSERT INTO user (username, email, password, role_id, image) VALUES (?, ?, ?, ?, ?)
[2024-01-10 10:51:22] INSERT INTO user (username, email, password, role_id, image) VALUES (?, ?, ?, ?, ?)
[2024-01-10 10:52:59] INSERT INTO user (username, email, password, role_id, image) VALUES (?, ?, ?, ?, ?)
[2024-01-10 10:53:48] INSERT INTO user (username, email, password, role_id, image) VALUES (?, ?, ?, ?, ?)
[2024-01-10 10:53:52] INSERT INTO user (username, email, password, role_id, image) VALUES (?, ?, ?, ?, ?)
[2024-01-10 10:54:01] INSERT INTO user (username, email, password, role_id, image) VALUES (?, ?, ?, ?, ?)
[2024-01-10 10:54:08] INSERT INTO user (username, email, password, role_id, image) VALUES (?, ?, ?, ?, ?)
[2024-01-10 10:58:54] INSERT INTO user (username, email, password, role_id, image) VALUES (?, ?, ?, ?, ?)
[2024-01-10 10:58:55] INSERT INTO user (username, email, password, role_id, image) VALUES (?, ?, ?, ?, ?)
[2024-01-10 10:59:01] INSERT INTO user (username, email, password, role_id, image) VALUES (?, ?, ?, ?, ?)
[2024-01-10 11:10:19] INSERT INTO user (username, email, password, role_id, image) VALUES (?, ?, ?, ?, ?)
[2024-01-10 11:12:14] INSERT INTO user (username, email, password, role_id, image) VALUES (?, ?, ?, ?, ?)
[2024-01-10 11:17:18] INSERT INTO user (username, email, password, role_id, image) VALUES (?, ?, ?, ?, ?)
[2024-01-10 11:18:32] INSERT INTO user (username, email, password, role_id, image) VALUES (?, ?, ?, ?, ?)
[2024-01-10 11:20:25] INSERT INTO user (username, email, password, role_id, image) VALUES (?, ?, ?, ?, ?)
[2024-01-10 11:21:58] INSERT INTO user (username, email, password, role_id, image) VALUES (?, ?, ?, ?, ?)
[2024-01-10 11:22:39] INSERT INTO user (username, email, password, role_id, image) VALUES (?, ?, ?, ?, ?)
[2024-01-10 11:23:09] INSERT INTO user (username, email, password, role_id, image) VALUES (?, ?, ?, ?, ?)
[2024-01-10 11:23:34] INSERT INTO user (username, email, password, role_id, image) VALUES (?, ?, ?, ?, ?)
[2024-01-10 11:28:18] INSERT INTO user (username, email, password, role_id, image) VALUES (?, ?, ?, ?, ?)
[2024-01-10 11:29:53] INSERT INTO user (username, email, password, role_id, image) VALUES (?, ?, ?, ?, ?)
[2024-01-10 11:37:14] INSERT INTO user (username, email, password, role_id, image) VALUES (?, ?, ?, ?, ?)
[2024-01-10 11:44:03] INSERT INTO user (username, email, password, role_id, image) VALUES (?, ?, ?, ?, ?)
[2024-01-10 20:07:19] INSERT INTO user (username, email, password, role_id, image) VALUES (?, ?, ?, ?, ?)
[2024-01-11 16:59:42] SELECT * FROM category
[2024-01-11 17:00:44] SELECT * FROM category
[2024-01-11 17:24:02] SELECT * FROM category
[2024-01-11 17:38:19] SELECT * FROM category
[2024-01-11 17:40:12] SELECT * FROM category
[2024-01-11 17:45:09] SELECT * FROM category
[2024-01-11 23:12:37] SELECT * FROM category
[2024-01-11 23:12:50] SELECT * FROM category
[2024-01-11 23:13:52] SELECT * FROM category
[2024-01-11 23:14:16] SELECT * FROM category
[2024-01-11 23:18:59] SELECT * FROM category
[2024-01-11 23:19:02] SELECT * FROM category
[2024-01-11 23:19:15] SELECT * FROM category
[2024-01-11 23:21:11] SELECT * FROM category
[2024-01-11 23:21:24] SELECT * FROM category
[2024-01-11 23:21:29] SELECT * FROM category
[2024-01-11 23:22:45] SELECT * FROM category
[2024-01-11 23:22:47] SELECT * FROM category
[2024-01-11 23:22:58] SELECT * FROM category
[2024-01-11 23:24:36] SELECT * FROM category
[2024-01-11 23:24:50] SELECT * FROM category
[2024-01-11 23:24:58] SELECT * FROM category
[2024-01-11 23:27:21] SELECT * FROM category
[2024-01-11 23:28:08] SELECT * FROM category
[2024-01-11 23:28:33] SELECT * FROM category
[2024-01-11 23:28:34] SELECT * FROM category
[2024-01-11 23:28:40] INSERT INTO category (category, create_date) VALUES (?, ?)
[2024-01-11 23:28:43] SELECT * FROM category
[2024-01-11 23:31:28] SELECT * FROM category
[2024-01-11 23:31:30] SELECT * FROM category
[2024-01-11 23:32:58] SELECT * FROM category
[2024-01-11 23:33:00] SELECT * FROM category
[2024-01-11 23:34:20] SELECT * FROM category
[2024-01-11 23:34:23] SELECT * FROM category
[2024-01-11 23:34:24] SELECT * FROM category
[2024-01-11 23:39:17] SELECT * FROM category
[2024-01-11 23:58:09] SELECT * FROM category
[2024-01-11 23:58:11] SELECT * FROM category
[2024-01-11 23:58:21] SELECT * FROM category
[2024-01-12 00:03:24] SELECT * FROM category
[2024-01-12 00:03:30] SELECT * FROM category
[2024-01-12 00:03:32] SELECT * FROM category
[2024-01-12 00:03:35] SELECT * FROM category
[2024-01-12 00:03:44] SELECT * FROM category
[2024-01-12 00:03:46] SELECT * FROM category
[2024-01-12 00:03:50] SELECT * FROM category
[2024-01-12 00:03:52] SELECT * FROM category
[2024-01-12 00:04:09] SELECT * FROM category
[2024-01-12 00:05:48] SELECT * FROM category
[2024-01-12 00:05:54] SELECT * FROM category
[2024-01-12 00:14:27] SELECT * FROM category
[2024-01-12 00:14:30] SELECT * FROM category
[2024-01-12 00:16:30] SELECT * FROM category
[2024-01-12 00:16:33] SELECT * FROM category
[2024-01-12 00:16:41] SELECT * FROM category
[2024-01-12 00:21:55] SELECT * FROM category
[2024-01-12 00:22:09] SELECT * FROM category
[2024-01-12 00:32:00] SELECT * FROM category
[2024-01-12 00:32:08] SELECT * FROM category
[2024-01-12 00:38:01] SELECT * FROM category
[2024-01-12 00:38:35] SELECT * FROM category
[2024-01-12 00:43:10] SELECT * FROM category
[2024-01-12 00:45:21] SELECT * FROM category
[2024-01-12 00:46:44] SELECT * FROM category
[2024-01-12 00:49:20] SELECT * FROM category
[2024-01-12 00:50:46] SELECT * FROM category
[2024-01-12 00:50:50] SELECT * FROM category
[2024-01-12 00:50:56] INSERT INTO category (category, create_date) VALUES (?, ?)
[2024-01-12 00:51:20] SELECT * FROM category
[2024-01-12 00:51:22] SELECT * FROM category
[2024-01-12 00:51:23] SELECT * FROM category
[2024-01-12 00:51:31] INSERT INTO category (category, create_date) VALUES (?, ?)
[2024-01-12 00:51:34] SELECT * FROM category
[2024-01-12 00:51:38] SELECT * FROM category
[2024-01-12 00:52:45] SELECT * FROM category
[2024-01-12 00:52:49] INSERT INTO category (category, create_date) VALUES (?, ?)
[2024-01-12 00:53:27] SELECT * FROM category
[2024-01-12 00:53:32] INSERT INTO category (category, create_date) VALUES (?, ?)
[2024-01-12 00:54:13] SELECT * FROM category
[2024-01-12 00:54:32] SELECT * FROM category
[2024-01-12 00:54:38] INSERT INTO category (category, create_date) VALUES (?, ?)
[2024-01-12 00:54:38] SELECT * FROM category
[2024-01-12 00:57:41] INSERT INTO category (category, create_date) VALUES (?, ?)
[2024-01-12 00:57:41] SELECT * FROM category
[2024-01-12 00:59:13] SELECT * FROM category
[2024-01-12 00:59:24] INSERT INTO category (category, create_date) VALUES (?, ?)
[2024-01-12 00:59:24] SELECT * FROM category
[2024-01-12 01:00:23] SELECT * FROM category
[2024-01-12 01:00:29] INSERT INTO category (category) VALUES (?)
[2024-01-12 01:00:29] SELECT * FROM category
[2024-01-12 01:00:50] INSERT INTO category (category) VALUES (?)
[2024-01-12 01:00:50] SELECT * FROM category
[2024-01-12 01:19:16] SELECT * FROM category
[2024-01-12 01:19:23] INSERT INTO category (category, create_date) VALUES (?, ?)
[2024-01-12 01:19:23] SELECT * FROM category
[2024-01-12 01:20:31] SELECT * FROM category
[2024-01-12 01:20:43] INSERT INTO category (category, create_date) VALUES (?, ?)
[2024-01-12 01:20:43] SELECT * FROM category
[2024-01-12 01:32:29] SELECT * FROM category
[2024-01-12 01:34:42] SELECT * FROM category
[2024-01-12 01:39:17] SELECT * FROM category
[2024-01-12 01:40:20] SELECT * FROM category
[2024-01-12 01:41:35] SELECT * FROM category
[2024-01-12 01:41:38] SELECT * FROM category
[2024-01-12 01:42:14] SELECT * FROM category
[2024-01-12 01:42:47] SELECT * FROM category
[2024-01-12 01:43:30] SELECT * FROM category
[2024-01-12 01:43:31] SELECT * FROM category
[2024-01-12 01:44:16] SELECT * FROM category
[2024-01-12 08:50:37] SELECT * FROM category
[2024-01-12 08:50:45] INSERT INTO category (category, create_date) VALUES (?, ?)
[2024-01-12 08:50:45] SELECT * FROM category
[2024-01-12 08:51:37] INSERT INTO category (category, create_date) VALUES (?, ?)
[2024-01-12 08:51:38] SELECT * FROM category
[2024-01-12 08:52:08] SELECT * FROM category
[2024-01-12 08:52:14] SELECT * FROM category
[2024-01-12 08:55:16] SELECT * FROM category
[2024-01-12 08:55:23] INSERT INTO name (name, create_date) VALUES (?, ?)
[2024-01-12 08:55:23] SELECT * FROM category
[2024-01-12 08:55:32] SELECT * FROM category
[2024-01-12 08:56:50] SELECT * FROM category
[2024-01-12 08:56:55] INSERT INTO name (name, create_date) VALUES (?, ?)
[2024-01-12 08:56:56] SELECT * FROM category
[2024-01-12 08:58:09] SELECT * FROM category
[2024-01-12 08:58:19] INSERT INTO category (name, create_date) VALUES (?, ?)
[2024-01-12 08:58:19] SELECT * FROM category
[2024-01-12 09:01:01] SELECT * FROM category
[2024-01-12 09:01:45] SELECT * FROM category
[2024-01-12 09:02:19] SELECT * FROM category
[2024-01-12 09:05:01] SELECT * FROM category
[2024-01-12 09:05:08] SELECT * FROM category
[2024-01-12 09:05:12] SELECT * FROM category
[2024-01-12 09:14:53] SELECT * FROM category
[2024-01-12 09:14:59] SELECT * FROM category
[2024-01-12 09:15:24] SELECT * FROM category
[2024-01-12 09:18:58] SELECT * FROM category
[2024-01-12 09:18:59] SELECT * FROM category
[2024-01-12 09:27:23] SELECT * FROM category
[2024-01-12 09:27:26] SELECT * FROM category
[2024-01-12 09:27:28] DELETE FROM category WHERE id = ?
[2024-01-12 09:27:32] SELECT * FROM category
[2024-01-12 09:28:12] INSERT INTO category (name, create_date) VALUES (?, ?)
[2024-01-12 09:28:12] SELECT * FROM category
[2024-01-12 09:28:16] DELETE FROM category WHERE id = ?
[2024-01-12 09:28:18] SELECT * FROM category
[2024-01-12 09:28:33] SELECT * FROM category
[2024-01-12 09:28:38] INSERT INTO category (name, create_date) VALUES (?, ?)
[2024-01-12 09:28:38] SELECT * FROM category
[2024-01-12 09:28:40] DELETE FROM category WHERE id = ?
[2024-01-12 09:28:40] SELECT * FROM category
[2024-01-12 09:31:10] SELECT * FROM category
[2024-01-12 09:32:42] SELECT * FROM category
[2024-01-12 09:33:36] SELECT * FROM category
[2024-01-12 09:33:43] INSERT INTO category (name, create_date) VALUES (?, ?)
[2024-01-12 09:33:43] SELECT * FROM category
[2024-01-12 09:33:58] SELECT * FROM category
[2024-01-12 09:34:51] SELECT * FROM category
[2024-01-12 09:35:01] SELECT * FROM category
[2024-01-12 09:35:48] SELECT * FROM category
[2024-01-12 09:35:58] SELECT * FROM category
[2024-01-12 09:37:31] SELECT * FROM category
[2024-01-12 09:37:34] DELETE FROM category WHERE id = ?
[2024-01-12 09:37:34] SELECT * FROM category
[2024-01-12 09:37:44] INSERT INTO category (name, create_date) VALUES (?, ?)
[2024-01-12 09:37:44] SELECT * FROM category
[2024-01-12 09:37:54] SELECT * FROM category
[2024-01-12 09:39:58] SELECT * FROM category
[2024-01-12 09:40:00] SELECT * FROM category
[2024-01-12 09:46:25] SELECT * FROM category
[2024-01-12 09:46:29] SELECT * FROM category
[2024-01-12 09:48:02] SELECT * FROM category
[2024-01-12 09:48:03] SELECT * FROM category
[2024-01-12 09:48:57] SELECT * FROM category
[2024-01-12 09:49:00] DELETE FROM category WHERE id = ?
[2024-01-12 09:49:00] SELECT * FROM category
[2024-01-12 09:49:11] SELECT * FROM category
[2024-01-12 09:49:48] SELECT * FROM category
[2024-01-12 09:49:59] SELECT * FROM category
[2024-01-12 09:54:37] SELECT * FROM category
[2024-01-12 09:54:43] UPDATE category SET name = ?,update_date = ? WHERE id = ?
[2024-01-12 09:54:43] SELECT * FROM category
[2024-01-12 09:57:57] SELECT * FROM category
[2024-01-12 09:59:44] SELECT * FROM category
[2024-01-12 10:01:38] SELECT * FROM category
[2024-01-12 10:01:50] SELECT * FROM category
[2024-01-12 10:05:12] SELECT * FROM category
[2024-01-12 10:05:16] SELECT * FROM category
[2024-01-12 10:05:28] SELECT * FROM category
[2024-01-12 10:05:36] SELECT * FROM category
[2024-01-12 10:06:40] SELECT * FROM category
[2024-01-12 10:06:52] SELECT * FROM category
[2024-01-12 10:07:22] SELECT * FROM category
[2024-01-12 10:07:35] SELECT * FROM category
[2024-01-12 10:08:12] SELECT * FROM category
[2024-01-12 10:08:23] SELECT * FROM category
[2024-01-12 10:09:41] SELECT * FROM tag
[2024-01-12 10:11:26] SELECT * FROM tag
[2024-01-12 10:12:17] INSERT INTO tag (name, create_date) VALUES (?, ?)
[2024-01-12 10:12:18] SELECT * FROM tag
[2024-01-12 10:12:28] SELECT * FROM tag
[2024-01-12 10:15:51] SELECT * FROM tag
[2024-01-12 10:15:53] DELETE FROM tag WHERE id = ?
[2024-01-12 10:15:53] SELECT * FROM tag
[2024-01-12 10:15:58] INSERT INTO tag (name, create_date) VALUES (?, ?)
[2024-01-12 10:15:58] SELECT * FROM tag
[2024-01-12 10:16:04] INSERT INTO tag (name, create_date) VALUES (?, ?)
[2024-01-12 10:16:04] SELECT * FROM tag
[2024-01-12 10:16:15] INSERT INTO tag (name, create_date) VALUES (?, ?)
[2024-01-12 10:16:15] SELECT * FROM tag
[2024-01-12 10:17:48] SELECT * FROM tag
[2024-01-12 10:17:50] DELETE FROM tag WHERE id = ?
[2024-01-12 10:17:50] SELECT * FROM tag
[2024-01-12 10:22:49] SELECT * FROM tag
[2024-01-12 10:22:58] UPDATE tag SET name = ?,update_date = ? WHERE id = ?
[2024-01-12 10:22:58] SELECT * FROM tag
[2024-01-12 10:23:24] SELECT * FROM tag
[2024-01-12 10:23:32] SELECT * FROM tag
[2024-01-12 10:27:03] SELECT * FROM tag
[2024-01-12 10:27:04] SELECT * FROM tag
[2024-01-12 10:27:21] SELECT * FROM tag
[2024-01-12 10:27:23] SELECT * FROM category
[2024-01-12 10:33:27] SELECT * FROM category
[2024-01-12 10:33:28] SELECT * FROM category
[2024-01-12 10:33:29] SELECT * FROM tag
[2024-01-12 10:33:36] INSERT INTO tag (name, create_date) VALUES (?, ?)
[2024-01-12 10:33:36] SELECT * FROM tag
[2024-01-12 10:34:44] SELECT * FROM tag
[2024-01-12 10:34:52] SELECT * FROM tag
[2024-01-12 10:38:16] SELECT * FROM tag
[2024-01-12 10:43:31] SELECT * FROM tag
[2024-01-12 10:43:35] SELECT * FROM category
[2024-01-12 10:43:39] SELECT * FROM category
[2024-01-12 10:50:40] SELECT * FROM category
[2024-01-12 10:50:42] SELECT * FROM category
[2024-01-12 10:50:52] SELECT * FROM tag
[2024-01-12 10:50:53] SELECT * FROM category
[2024-01-12 10:51:53] INSERT INTO user (username, email, password, role_id, image) VALUES (?, ?, ?, ?, ?)
[2024-01-12 10:53:37] SELECT * FROM category
[2024-01-12 10:56:11] SELECT * FROM category
[2024-01-12 10:57:43] SELECT * FROM category
[2024-01-12 11:53:45] SELECT * FROM category
[2024-01-12 11:54:01] INSERT INTO user (username, email, password, role_id, image) VALUES (?, ?, ?, ?, ?)
[2024-01-12 11:54:25] INSERT INTO user (username, email, password, role_id, image) VALUES (?, ?, ?, ?, ?)
[2024-01-12 12:03:22] INSERT INTO user (username, email, password, role_id, image) VALUES (?, ?, ?, ?, ?)
[2024-01-12 12:21:12] INSERT INTO user (username, email, password, role_id, image) VALUES (?, ?, ?, ?, ?)
[2024-01-12 12:25:07] INSERT INTO user (username, email, password, role_id, image) VALUES (?, ?, ?, ?, ?)
[2024-01-12 12:36:28] INSERT INTO user (username, email, password, role_id, image) VALUES (?, ?, ?, ?, ?)
[2024-01-12 12:36:28] SELECT LAST_INSERT_ID() as last_id
[2024-01-12 14:49:14] SELECT * FROM tag
[2024-01-12 15:17:21] INSERT INTO tag (name, create_date) VALUES (?, ?)
[2024-01-12 15:17:21] SELECT * FROM tag
[2024-01-12 15:18:41] SELECT * FROM tag
[2024-01-12 15:30:20] SELECT * FROM category
[2024-01-12 15:49:17] INSERT INTO user (username, email, password, role_id, image) VALUES (?, ?, ?, ?, ?)
[2024-01-12 15:49:17] SELECT LAST_INSERT_ID() as last_id
[2024-01-12 16:02:42] INSERT INTO user (username, email, password, role_id, image) VALUES (?, ?, ?, ?, ?)
[2024-01-12 16:02:42] SELECT LAST_INSERT_ID() as last_id
[2024-01-12 16:12:02] INSERT INTO user (username, email, password, role_id, image) VALUES (?, ?, ?, ?, ?)
[2024-01-12 16:12:02] SELECT LAST_INSERT_ID() as last_id
[2024-01-12 17:09:53] SELECT * FROM category
[2024-01-12 21:30:33] INSERT INTO user (username, email, password, role_id, image) VALUES (?, ?, ?, ?, ?)
[2024-01-12 21:30:33] SELECT LAST_INSERT_ID() as last_id
[2024-01-12 21:33:40] INSERT INTO user (username, email, password, role_id, image) VALUES (?, ?, ?, ?, ?)
[2024-01-12 21:33:40] SELECT LAST_INSERT_ID() as last_id
[2024-01-12 23:44:27] SELECT COUNT(*) as count FROM user WHERE username = ? OR email = ?
[2024-01-12 23:44:28] INSERT INTO user (username, email, password, role_id, image) VALUES (?, ?, ?, ?, ?)
[2024-01-12 23:44:28] SELECT LAST_INSERT_ID() as last_id
[2024-01-12 23:44:54] SELECT * FROM user WHERE username = :username OR email = :email
[2024-01-12 23:45:38] SELECT * FROM user WHERE username = :username OR email = :email
[2024-01-12 23:46:08] SELECT * FROM user WHERE username = :username OR email = :email
[2024-01-13 00:29:29] SELECT * FROM user WHERE username = :username OR email = :email
[2024-01-13 00:29:48] SELECT * FROM user WHERE username = :username OR email = :email
[2024-01-13 00:32:49] SELECT COUNT(*) as count FROM user WHERE username = ? OR email = ?
[2024-01-13 00:32:49] INSERT INTO user (username, email, password, role_id, image) VALUES (?, ?, ?, ?, ?)
[2024-01-13 00:32:49] SELECT LAST_INSERT_ID() as last_id
[2024-01-13 00:33:22] SELECT * FROM user WHERE username = :username OR email = :email
[2024-01-13 00:33:35] SELECT * FROM user WHERE username = :username OR email = :email
[2024-01-13 00:33:59] SELECT * FROM user WHERE username = :username OR email = :email
[2024-01-13 00:35:11] SELECT COUNT(*) as count FROM user WHERE username = ? OR email = ?
[2024-01-13 00:35:11] INSERT INTO user (username, email, password, role_id, image) VALUES (?, ?, ?, ?, ?)
[2024-01-13 00:35:11] SELECT LAST_INSERT_ID() as last_id
[2024-01-13 00:35:54] SELECT COUNT(*) as count FROM user WHERE username = ? OR email = ?
[2024-01-13 00:35:54] INSERT INTO user (username, email, password, role_id, image) VALUES (?, ?, ?, ?, ?)
[2024-01-13 00:35:54] SELECT LAST_INSERT_ID() as last_id
[2024-01-13 00:36:24] SELECT COUNT(*) as count FROM user WHERE username = ? OR email = ?
[2024-01-13 00:37:02] SELECT * FROM user WHERE username = :username OR email = :email
[2024-01-13 00:38:51] SELECT * FROM user WHERE username = :username OR email = :email
[2024-01-13 00:51:03] SELECT * FROM user WHERE username = :username OR email = :email
[2024-01-13 00:51:27] SELECT * FROM user WHERE username = :username OR email = :email
[2024-01-13 00:51:39] SELECT * FROM user WHERE username = :username OR email = :email
[2024-01-13 00:58:02] SELECT * FROM user WHERE username = :username OR email = :email
[2024-01-13 00:58:37] SELECT * FROM user WHERE username = :username OR email = :email
[2024-01-13 01:06:27] SELECT * FROM user WHERE username = :username OR email = :email
[2024-01-13 01:08:42] SELECT * FROM user WHERE username = :username OR email = :email
[2024-01-13 01:08:50] SELECT * FROM user WHERE username = :username OR email = :email
[2024-01-13 01:09:12] SELECT * FROM user WHERE username = :username OR email = :email
[2024-01-13 01:09:18] SELECT * FROM user WHERE username = :username OR email = :email
[2024-01-13 01:13:18] SELECT * FROM user WHERE username = :username OR email = :email
[2024-01-13 01:13:45] SELECT * FROM user WHERE username = :username OR email = :email
[2024-01-13 01:14:45] SELECT * FROM user WHERE username = :username OR email = :email
[2024-01-13 01:15:39] SELECT COUNT(*) as count FROM user WHERE username = ? OR email = ?
[2024-01-13 01:17:48] SELECT * FROM user WHERE username = :username OR email = :email
[2024-01-13 01:18:18] SELECT * FROM user WHERE username = :username OR email = :email
[2024-01-13 01:23:22] SELECT * FROM user WHERE username = :username OR email = :email
[2024-01-13 01:25:09] SELECT COUNT(*) as count FROM user WHERE username = ? OR email = ?
[2024-01-13 13:05:06] SELECT COUNT(*) as count FROM user WHERE username = ? OR email = ?
[2024-01-13 13:06:59] SELECT * FROM user WHERE username = :username OR email = :email
[2024-01-13 13:26:01] SELECT * FROM tags
[2024-01-13 13:26:06] INSERT INTO tags (name, create_date) VALUES (?, ?)
[2024-01-13 13:26:06] SELECT * FROM tags
[2024-01-13 13:26:18] INSERT INTO tags (name, create_date) VALUES (?, ?)
[2024-01-13 13:26:18] SELECT * FROM tags
[2024-01-13 13:26:55] SELECT * FROM tags
[2024-01-13 13:27:09] DELETE FROM tags WHERE id = ?
[2024-01-13 13:27:09] SELECT * FROM tags
[2024-01-13 13:27:11] DELETE FROM tags WHERE id = ?
[2024-01-13 13:27:11] SELECT * FROM tags
[2024-01-13 13:27:13] DELETE FROM tags WHERE id = ?
[2024-01-13 13:27:13] SELECT * FROM tags
[2024-01-13 13:27:14] DELETE FROM tags WHERE id = ?
[2024-01-13 13:27:14] SELECT * FROM tags
[2024-01-13 13:27:15] DELETE FROM tags WHERE id = ?
[2024-01-13 13:27:15] SELECT * FROM tags
[2024-01-13 13:27:22] UPDATE tags SET name = ?,update_date = ? WHERE id = ?
[2024-01-13 13:27:22] SELECT * FROM tags
[2024-01-13 13:27:39] SELECT * FROM categories
[2024-01-13 13:27:45] INSERT INTO categories (name, create_date) VALUES (?, ?)
[2024-01-13 13:27:45] SELECT * FROM categories
[2024-01-13 13:27:52] SELECT * FROM categories
[2024-01-13 13:27:59] UPDATE categories SET name = ?,update_date = ? WHERE id = ?
[2024-01-13 13:27:59] SELECT * FROM categories
[2024-01-13 13:28:01] DELETE FROM categories WHERE id = ?
[2024-01-13 13:28:01] SELECT * FROM categories
[2024-01-13 13:28:08] UPDATE categories SET name = ?,update_date = ? WHERE id = ?
[2024-01-13 13:28:08] SELECT * FROM categories
[2024-01-13 13:28:30] INSERT INTO categories (name, create_date) VALUES (?, ?)
[2024-01-13 13:28:30] SELECT * FROM categories
[2024-01-13 13:28:46] SELECT * FROM categories
[2024-01-13 13:30:29] DELETE FROM categories WHERE id = ?
[2024-01-13 13:30:29] SELECT * FROM categories
[2024-01-13 13:30:37] INSERT INTO categories (name, create_date) VALUES (?, ?)
[2024-01-13 13:30:37] SELECT * FROM categories
[2024-01-13 13:30:43] INSERT INTO categories (name, create_date) VALUES (?, ?)
[2024-01-13 13:30:43] SELECT * FROM categories
[2024-01-13 13:30:50] INSERT INTO categories (name, create_date) VALUES (?, ?)
[2024-01-13 13:30:50] SELECT * FROM categories
[2024-01-13 13:32:53] SELECT * FROM categories
[2024-01-13 13:33:51] SELECT * FROM categories
[2024-01-13 13:33:59] INSERT INTO categories (name, create_date) VALUES (?, ?)
[2024-01-13 13:33:59] SELECT * FROM categories
[2024-01-13 13:34:09] UPDATE categories SET name = ?,update_date = ? WHERE id = ?
[2024-01-13 13:34:09] SELECT * FROM categories
[2024-01-13 13:39:09] SELECT * FROM categories
[2024-01-13 13:39:32] SELECT * FROM categories
[2024-01-13 13:41:19] SELECT * FROM tag
[2024-01-13 13:41:21] SELECT * FROM tag
[2024-01-13 13:41:26] INSERT INTO tag (name, create_date) VALUES (?, ?)
[2024-01-13 13:41:26] SELECT * FROM tag
[2024-01-13 13:41:35] SELECT * FROM tag
[2024-01-13 13:42:11] SELECT * FROM tags
[2024-01-13 13:42:15] SELECT * FROM tags
[2024-01-13 13:42:38] SELECT * FROM tags
[2024-01-13 13:43:03] SELECT * FROM categories
[2024-01-13 13:44:18] SELECT * FROM tags
[2024-01-13 13:49:42] SELECT * FROM categories
[2024-01-13 13:50:52] SELECT * FROM categories
[2024-01-13 13:52:20] SELECT * FROM categories
[2024-01-13 13:52:50] SELECT * FROM categories
[2024-01-13 13:53:26] SELECT * FROM categories
[2024-01-13 13:56:08] SELECT * FROM tags
[2024-01-13 14:26:42] SELECT * FROM categories
[2024-01-13 15:14:14] SELECT * FROM categories
[2024-01-13 15:39:03] SELECT * FROM categories
[2024-01-13 15:39:14] SELECT * FROM categories
[2024-01-13 15:39:58] SELECT * FROM categories
[2024-01-13 15:40:00] DELETE FROM categories WHERE id = ?
[2024-01-13 15:40:01] SELECT * FROM categories
[2024-01-13 16:04:52] SELECT * FROM categories
[2024-01-13 16:04:56] DELETE FROM categories WHERE id = ?
[2024-01-13 16:04:56] SELECT * FROM categories
[2024-01-13 17:01:26] DELETE FROM categories WHERE id = ?
[2024-01-13 17:01:26] SELECT * FROM categories
[2024-01-13 17:01:29] DELETE FROM categories WHERE id = ?
[2024-01-13 17:01:29] SELECT * FROM categories
[2024-01-13 17:28:34] INSERT INTO categories (name, create_date) VALUES (?, ?)
[2024-01-13 17:28:34] SELECT * FROM categories
[2024-01-13 18:27:15] SELECT * FROM wikis
[2024-01-13 18:27:48] SELECT * FROM wikis
[2024-01-13 18:31:37] SELECT * FROM categories
[2024-01-13 18:58:07] SELECT * FROM categories
[2024-01-13 19:08:49] SELECT * FROM categories
[2024-01-13 19:13:48] SELECT * FROM categories
[2024-01-13 19:13:48] SELECT * FROM tags
[2024-01-13 19:14:12] SELECT * FROM categories
[2024-01-13 19:14:12] SELECT * FROM tags
[2024-01-13 19:15:14] SELECT * FROM categories
[2024-01-13 19:15:14] SELECT * FROM tags
[2024-01-13 19:15:41] SELECT * FROM categories
[2024-01-13 19:15:41] SELECT * FROM tags
[2024-01-13 19:15:56] SELECT * FROM categories
[2024-01-13 19:15:56] SELECT * FROM tags
[2024-01-13 19:16:01] SELECT * FROM categories
[2024-01-13 19:16:01] SELECT * FROM tags
[2024-01-13 19:16:21] SELECT * FROM categories
[2024-01-13 19:16:21] SELECT * FROM tags
[2024-01-13 19:16:51] SELECT * FROM categories
[2024-01-13 19:16:51] SELECT * FROM tags
[2024-01-13 19:17:54] SELECT * FROM categories
[2024-01-13 19:17:54] SELECT * FROM tags
[2024-01-13 19:20:29] SELECT * FROM categories
[2024-01-13 19:20:29] SELECT * FROM tags
[2024-01-13 19:21:12] SELECT * FROM categories
[2024-01-13 19:21:12] SELECT * FROM tags
[2024-01-13 19:21:51] SELECT * FROM categories
[2024-01-13 19:21:51] SELECT * FROM tags
[2024-01-13 19:22:38] SELECT * FROM categories
[2024-01-13 19:22:38] SELECT * FROM tags
[2024-01-13 19:22:45] SELECT * FROM categories
[2024-01-13 19:22:45] SELECT * FROM tags
[2024-01-13 19:52:20] SELECT * FROM categories
[2024-01-13 19:52:20] SELECT * FROM tags
[2024-01-13 19:56:40] SELECT * FROM categories
[2024-01-13 19:56:54] INSERT INTO categories (name, create_date) VALUES (?, ?)
[2024-01-13 19:56:54] SELECT * FROM categories
[2024-01-13 20:10:14] SELECT * FROM categories
[2024-01-13 20:10:14] SELECT * FROM tags
[2024-01-13 20:13:11] SELECT * FROM categories
[2024-01-13 20:34:50] SELECT * FROM categories
[2024-01-13 20:34:50] SELECT * FROM tags
[2024-01-13 22:07:40] SELECT * FROM categories
[2024-01-13 22:07:40] SELECT * FROM tags
[2024-01-13 22:10:03] SELECT * FROM categories
[2024-01-13 22:10:03] SELECT * FROM tags
[2024-01-13 22:10:57] SELECT * FROM categories
[2024-01-13 22:10:57] SELECT * FROM tags
[2024-01-13 22:11:06] SELECT * FROM categories
[2024-01-13 22:11:06] SELECT * FROM tags
[2024-01-13 22:20:51] SELECT * FROM categories
[2024-01-13 22:20:51] SELECT * FROM tags
[2024-01-13 22:22:30] SELECT * FROM categories
[2024-01-13 22:22:30] SELECT * FROM tags
[2024-01-13 22:24:25] SELECT * FROM categories
[2024-01-13 22:24:25] SELECT * FROM tags
[2024-01-13 22:26:45] SELECT * FROM categories
[2024-01-13 22:26:45] SELECT * FROM tags
[2024-01-13 22:27:18] SELECT * FROM categories
[2024-01-13 22:27:18] SELECT * FROM tags
[2024-01-13 22:27:44] SELECT * FROM categories
[2024-01-13 22:27:44] SELECT * FROM tags
[2024-01-13 22:28:21] SELECT * FROM categories
[2024-01-13 22:28:21] SELECT * FROM tags
[2024-01-13 22:28:29] INSERT INTO wikis (title, content, status) VALUES (?, ?, ?)
[2024-01-13 22:28:29] INSERT INTO tag_wikis (tag_id, wiki_id) VALUES (?, ?)
[2024-01-13 22:28:29] SELECT * FROM categories
[2024-01-13 22:28:29] SELECT * FROM tags
[2024-01-13 22:30:04] SELECT * FROM categories
[2024-01-13 22:30:04] SELECT * FROM tags
[2024-01-13 22:30:18] SELECT * FROM categories
[2024-01-13 22:30:18] SELECT * FROM tags
[2024-01-13 22:30:24] SELECT * FROM categories
[2024-01-13 22:30:24] SELECT * FROM tags
[2024-01-13 22:32:00] SELECT * FROM categories
[2024-01-13 22:32:00] SELECT * FROM tags
[2024-01-13 22:32:31] SELECT * FROM categories
[2024-01-13 22:32:31] SELECT * FROM tags
[2024-01-13 22:34:43] INSERT INTO wikis (title, content, status) VALUES (?, ?, ?)
[2024-01-13 22:34:43] SELECT * FROM categories
[2024-01-13 22:34:43] SELECT * FROM tags
[2024-01-13 22:34:50] INSERT INTO wikis (title, content, status) VALUES (?, ?, ?)
[2024-01-13 22:34:50] SELECT * FROM categories
[2024-01-13 22:34:50] SELECT * FROM tags
[2024-01-13 22:39:36] SELECT * FROM categories
[2024-01-13 22:39:36] SELECT * FROM tags
[2024-01-13 22:40:15] SELECT * FROM categories
[2024-01-13 22:40:15] SELECT * FROM tags
[2024-01-13 22:40:25] INSERT INTO wikis (title, content, status) VALUES (?, ?, ?)
[2024-01-13 22:40:25] SELECT * FROM categories
[2024-01-13 22:40:25] SELECT * FROM tags
[2024-01-13 22:45:57] SELECT * FROM categories
[2024-01-13 22:45:57] SELECT * FROM tags
[2024-01-13 22:46:20] INSERT INTO wikis (title, content, status) VALUES (?, ?, ?)
[2024-01-13 23:02:48] SELECT * FROM categories
[2024-01-13 23:02:48] SELECT * FROM tags
[2024-01-13 23:02:50] SELECT * FROM categories
[2024-01-13 23:02:50] SELECT * FROM tags
[2024-01-13 23:03:09] SELECT * FROM categories
[2024-01-13 23:03:09] SELECT * FROM tags
[2024-01-13 23:03:13] SELECT * FROM categories
[2024-01-13 23:03:13] SELECT * FROM tags
[2024-01-13 23:04:44] INSERT INTO wikis (title, content, category_id, user_id ) VALUES (?, ?, ?, ?)
[2024-01-13 23:05:04] INSERT INTO wikis (title, content, category_id, user_id ) VALUES (?, ?, ?, ?)
[2024-01-13 23:07:11] INSERT INTO wikis (title, content, category_id, user_id ) VALUES (?, ?, ?, ?)
[2024-01-13 23:08:51] INSERT INTO wikis (title, content, category_id, user_id ) VALUES (?, ?, ?, ?)
[2024-01-13 23:26:33] SELECT * FROM categories
[2024-01-13 23:26:33] SELECT * FROM tags
[2024-01-13 23:26:35] SELECT * FROM categories
[2024-01-13 23:26:35] SELECT * FROM tags
[2024-01-13 23:52:42] INSERT INTO wikis (title, content, category_id, user_id) VALUES (?, ?, ?, ?)
[2024-01-13 23:55:41] INSERT INTO wikis (title, content, category_id, user_id) VALUES (?, ?, ?, ?)
[2024-01-13 23:55:41] INSERT INTO tag_wikis (wiki_id, tag_id) VALUES (?, ?)
[2024-01-13 23:56:17] SELECT * FROM categories
[2024-01-13 23:56:17] SELECT * FROM tags
[2024-01-13 23:56:23] INSERT INTO wikis (title, content, category_id, user_id) VALUES (?, ?, ?, ?)
[2024-01-13 23:56:23] INSERT INTO tag_wikis (wiki_id, tag_id) VALUES (?, ?)
[2024-01-13 23:58:14] INSERT INTO wikis (title, content, category_id, user_id) VALUES (?, ?, ?, ?)
[2024-01-13 23:58:14] INSERT INTO tag_wikis (wiki_id, tag_id) VALUES (?, ?)
[2024-01-13 23:58:14] SELECT * FROM categories
[2024-01-13 23:58:14] SELECT * FROM tags
[2024-01-13 23:58:32] INSERT INTO wikis (title, content, category_id, user_id) VALUES (?, ?, ?, ?)
[2024-01-13 23:58:32] INSERT INTO tag_wikis (wiki_id, tag_id) VALUES (?, ?)
[2024-01-13 23:58:32] SELECT * FROM categories
[2024-01-13 23:58:32] SELECT * FROM tags
[2024-01-14 00:02:54] SELECT * FROM categories
[2024-01-14 00:02:54] SELECT * FROM tags
[2024-01-14 00:03:07] INSERT INTO wikis (title, content, category_id, user_id) VALUES (?, ?, ?, ?)
[2024-01-14 00:03:07] INSERT INTO tag_wikis (wiki_id, tag_id) VALUES (?, ?)
[2024-01-14 00:03:07] SELECT * FROM categories
[2024-01-14 00:03:07] SELECT * FROM tags
[2024-01-14 00:03:41] SELECT * FROM categories
[2024-01-14 00:03:41] SELECT * FROM tags
[2024-01-14 00:03:52] INSERT INTO wikis (title, content, category_id, user_id) VALUES (?, ?, ?, ?)
[2024-01-14 00:03:52] INSERT INTO tag_wikis (wiki_id, tag_id) VALUES (?, ?)
[2024-01-14 00:03:52] SELECT * FROM categories
[2024-01-14 00:03:52] SELECT * FROM tags
[2024-01-14 00:04:24] INSERT INTO wikis (title, content, category_id, user_id) VALUES (?, ?, ?, ?)
[2024-01-14 00:04:24] INSERT INTO tag_wikis (wiki_id, tag_id) VALUES (?, ?)
[2024-01-14 00:04:24] SELECT * FROM categories
[2024-01-14 00:04:24] SELECT * FROM tags
[2024-01-14 00:05:08] INSERT INTO wikis (title, content, category_id, user_id) VALUES (?, ?, ?, ?)
[2024-01-14 00:05:08] INSERT INTO tag_wikis (wiki_id, tag_id) VALUES (?, ?)
[2024-01-14 00:05:08] SELECT * FROM categories
[2024-01-14 00:05:08] SELECT * FROM tags
[2024-01-14 00:08:29] SELECT * FROM categories
[2024-01-14 00:08:29] SELECT * FROM tags
[2024-01-14 00:08:42] INSERT INTO wikis (title, content, category_id, user_id, image) VALUES (?, ?, ?, ?, ?)
[2024-01-14 00:08:42] INSERT INTO tag_wikis (wiki_id, tag_id) VALUES (?, ?)
[2024-01-14 00:08:42] SELECT * FROM categories
[2024-01-14 00:08:42] SELECT * FROM tags
[2024-01-14 00:09:22] INSERT INTO wikis (title, content, category_id, user_id, image) VALUES (?, ?, ?, ?, ?)
[2024-01-14 00:09:22] INSERT INTO tag_wikis (wiki_id, tag_id) VALUES (?, ?)
[2024-01-14 00:09:22] SELECT * FROM categories
[2024-01-14 00:09:22] SELECT * FROM tags
[2024-01-14 00:11:35] SELECT * FROM categories
[2024-01-14 00:11:35] SELECT * FROM tags
[2024-01-14 00:11:48] INSERT INTO wikis (title, content, category_id, user_id, image) VALUES (?, ?, ?, ?, ?)
[2024-01-14 00:11:48] INSERT INTO tag_wikis (wiki_id, tag_id) VALUES (?, ?)
[2024-01-14 00:11:48] SELECT * FROM categories
[2024-01-14 00:11:48] SELECT * FROM tags
[2024-01-14 00:13:43] SELECT * FROM categories
[2024-01-14 00:13:43] SELECT * FROM tags
[2024-01-14 00:13:49] INSERT INTO wikis (title, content, category_id, user_id, image) VALUES (?, ?, ?, ?, ?)
[2024-01-14 00:13:49] INSERT INTO tag_wikis (wiki_id, tag_id) VALUES (?, ?)
[2024-01-14 00:13:49] SELECT * FROM categories
[2024-01-14 00:13:49] SELECT * FROM tags
[2024-01-14 01:46:37] SELECT * FROM categories
[2024-01-14 01:46:42] SELECT * FROM categories
[2024-01-14 01:52:25] SELECT * FROM categories
[2024-01-14 01:52:30] SELECT * FROM categories
[2024-01-14 01:52:32] SELECT * FROM categories
[2024-01-14 01:55:32] SELECT * FROM categories
[2024-01-14 01:55:35] SELECT * FROM categories
[2024-01-14 01:56:25] SELECT * FROM wikis
[2024-01-14 13:00:01] SELECT * FROM wikis
[2024-01-14 13:00:58] SELECT * FROM wikis
[2024-01-14 13:01:52] SELECT * FROM wikis
[2024-01-14 13:01:55] SELECT * FROM wikis
[2024-01-14 13:03:55] SELECT * FROM wikis
[2024-01-14 13:06:20] SELECT * FROM categories
[2024-01-14 13:06:20] SELECT * FROM tags
[2024-01-14 13:06:26] SELECT * FROM wikis
[2024-01-14 13:06:52] SELECT * FROM wikis
[2024-01-14 13:39:38] SELECT * FROM categories
[2024-01-14 13:39:38] SELECT * FROM tags
[2024-01-14 14:24:05] SELECT * FROM categories
[2024-01-14 14:24:05] SELECT * FROM tags
[2024-01-14 14:24:30] SELECT * FROM categories
[2024-01-14 14:24:30] SELECT * FROM tags
[2024-01-14 14:25:59] SELECT * FROM categories
[2024-01-14 14:25:59] SELECT * FROM tags
[2024-01-14 14:26:24] SELECT * FROM categories
[2024-01-14 14:26:24] SELECT * FROM tags
[2024-01-14 14:29:39] SELECT * FROM categories
[2024-01-14 14:29:39] SELECT * FROM tags
[2024-01-14 14:29:44] SELECT * FROM categories
[2024-01-14 14:29:44] SELECT * FROM tags
[2024-01-14 14:30:34] SELECT * FROM categories
[2024-01-14 14:30:34] SELECT * FROM tags
[2024-01-14 14:35:58] SELECT * FROM categories
[2024-01-14 14:35:58] SELECT * FROM tags
[2024-01-14 14:36:15] SELECT * FROM categories
[2024-01-14 14:36:15] SELECT * FROM tags
[2024-01-14 14:37:28] SELECT * FROM categories
[2024-01-14 14:37:28] SELECT * FROM tags
[2024-01-14 14:38:33] SELECT * FROM categories
[2024-01-14 14:38:33] SELECT * FROM tags
[2024-01-14 14:41:04] SELECT * FROM categories
[2024-01-14 14:41:04] SELECT * FROM tags
[2024-01-14 14:41:04] SELECT * FROM wikis
[2024-01-14 14:41:08] SELECT * FROM categories
[2024-01-14 14:41:08] SELECT * FROM tags
[2024-01-14 14:41:08] SELECT * FROM wikis
[2024-01-14 14:41:11] SELECT * FROM categories
[2024-01-14 14:41:11] SELECT * FROM tags
[2024-01-14 14:41:11] SELECT * FROM wikis
[2024-01-14 14:42:52] SELECT * FROM categories
[2024-01-14 14:42:52] SELECT * FROM tags
[2024-01-14 14:42:52] SELECT * FROM wikis
[2024-01-14 14:47:14] SELECT * FROM categories
[2024-01-14 14:47:14] SELECT * FROM tags
[2024-01-14 14:47:14] SELECT * FROM wikis
[2024-01-14 14:47:45] SELECT * FROM categories
[2024-01-14 14:47:45] SELECT * FROM tags
[2024-01-14 14:47:45] SELECT * FROM wikis
[2024-01-14 14:56:12] SELECT * FROM categories
[2024-01-14 14:56:12] SELECT * FROM tags
[2024-01-14 14:56:12] SELECT * FROM wikis
[2024-01-14 14:56:24] SELECT * FROM categories
[2024-01-14 14:56:24] SELECT * FROM tags
[2024-01-14 14:56:24] SELECT * FROM wikis
[2024-01-14 14:59:05] SELECT * FROM categories
[2024-01-14 14:59:05] SELECT * FROM tags
[2024-01-14 14:59:05] SELECT * FROM wikis
[2024-01-14 14:59:43] SELECT * FROM categories
[2024-01-14 14:59:43] SELECT * FROM tags
[2024-01-14 14:59:43] SELECT * FROM wikis
[2024-01-14 15:03:10] INSERT INTO wikis (title, content, category_id, user_id, image) VALUES (?, ?, ?, ?, ?)
[2024-01-14 15:03:10] INSERT INTO tag_wikis (wiki_id, tag_id) VALUES (?, ?)
[2024-01-14 15:03:10] SELECT * FROM categories
[2024-01-14 15:03:10] SELECT * FROM tags
[2024-01-14 15:03:10] SELECT * FROM wikis
[2024-01-14 15:06:44] SELECT * FROM categories
[2024-01-14 15:06:44] SELECT * FROM tags
[2024-01-14 15:06:44] SELECT * FROM wikis
[2024-01-14 15:13:50] SELECT * FROM wikis
[2024-01-14 15:14:30] SELECT * FROM wikis
[2024-01-14 15:17:34] SELECT * FROM wikis
[2024-01-14 15:18:13] SELECT * FROM wikis
[2024-01-14 15:19:03] SELECT * FROM wikis
[2024-01-14 15:19:19] SELECT * FROM wikis
[2024-01-14 15:19:25] SELECT * FROM wikis
[2024-01-14 15:19:55] SELECT * FROM wikis
[2024-01-14 15:20:02] SELECT * FROM wikis
[2024-01-14 15:21:35] SELECT * FROM wikis
[2024-01-14 15:21:44] SELECT * FROM wikis
[2024-01-14 15:24:43] SELECT * FROM wikis
[2024-01-14 15:24:52] SELECT * FROM wikis
[2024-01-14 15:26:17] SELECT * FROM wikis
[2024-01-14 15:26:23] SELECT * FROM wikis
[2024-01-14 15:33:27] SELECT * FROM wikis
[2024-01-14 15:33:33] SELECT * FROM wikis
[2024-01-14 15:35:15] SELECT * FROM categories
[2024-01-14 15:35:15] SELECT * FROM tags
[2024-01-14 15:35:15] SELECT * FROM wikis
[2024-01-14 15:35:21] SELECT * FROM wikis
[2024-01-14 15:35:31] SELECT * FROM wikis
[2024-01-14 15:36:14] SELECT * FROM wikis
[2024-01-14 15:36:17] SELECT * FROM wikis
[2024-01-14 15:36:25] SELECT * FROM wikis
